{
  "RSpec": {
    "coverage": {
      "/Users/Dylan/Code/shorty/config/environment.rb": [
        null,
        1,
        null,
        null,
        1
      ],
      "/Users/Dylan/Code/shorty/config/application.rb": [
        1,
        null,
        1,
        null,
        null,
        null,
        1,
        null,
        1,
        1,
        null,
        1,
        null,
        null,
        null,
        null,
        null,
        null,
        null
      ],
      "/Users/Dylan/Code/shorty/config/boot.rb": [
        1,
        null,
        1,
        1
      ],
      "/Users/Dylan/Code/shorty/config/environments/test.rb": [
        1,
        null,
        null,
        null,
        null,
        null,
        null,
        1,
        null,
        null,
        null,
        null,
        1,
        null,
        null,
        1,
        1,
        null,
        null,
        null,
        null,
        1,
        1,
        null,
        null,
        1,
        null,
        null,
        1,
        null,
        null,
        1,
        null,
        1,
        null,
        null,
        null,
        null,
        1,
        null,
        null,
        1,
        null,
        null,
        null,
        null
      ],
      "/Users/Dylan/Code/shorty/config/initializers/application_controller_renderer.rb": [
        null,
        null,
        null,
        null,
        null,
        null,
        null,
        null
      ],
      "/Users/Dylan/Code/shorty/config/initializers/assets.rb": [
        null,
        null,
        null,
        1,
        null,
        null,
        null,
        null,
        1,
        null,
        null,
        null,
        null,
        null
      ],
      "/Users/Dylan/Code/shorty/config/initializers/backtrace_silencers.rb": [
        null,
        null,
        null,
        null,
        null,
        null,
        null
      ],
      "/Users/Dylan/Code/shorty/config/initializers/content_security_policy.rb": [
        null,
        null,
        null,
        null,
        null,
        null,
        null,
        null,
        null,
        null,
        null,
        null,
        null,
        null,
        null,
        null,
        null,
        null,
        null,
        null,
        null,
        null,
        null,
        null,
        null
      ],
      "/Users/Dylan/Code/shorty/config/initializers/cookies_serializer.rb": [
        null,
        null,
        null,
        null,
        1
      ],
      "/Users/Dylan/Code/shorty/config/initializers/filter_parameter_logging.rb": [
        null,
        null,
        null,
        1
      ],
      "/Users/Dylan/Code/shorty/config/initializers/inflections.rb": [
        null,
        null,
        null,
        null,
        null,
        null,
        null,
        null,
        null,
        null,
        null,
        null,
        null,
        null,
        null,
        null
      ],
      "/Users/Dylan/Code/shorty/config/initializers/mime_types.rb": [
        null,
        null,
        null,
        null
      ],
      "/Users/Dylan/Code/shorty/config/initializers/wrap_parameters.rb": [
        null,
        null,
        null,
        null,
        null,
        null,
        1,
        2,
        null,
        null,
        null,
        null,
        null,
        null
      ],
      "/Users/Dylan/Code/shorty/config/routes.rb": [
        1,
        1,
        null,
        1,
        null,
        1,
        null,
        1,
        null
      ],
      "/Users/Dylan/Code/shorty/app/helpers/application_helper.rb": [
        1,
        null
      ],
      "/Users/Dylan/Code/shorty/app/helpers/redirects_helper.rb": [
        1,
        null
      ],
      "/Users/Dylan/Code/shorty/app/helpers/urls_helper.rb": [
        1,
        null
      ],
      "/Users/Dylan/Code/shorty/app/controllers/redirects_controller.rb": [
        1,
        1,
        1,
        null,
        1,
        null,
        null
      ],
      "/Users/Dylan/Code/shorty/app/controllers/application_controller.rb": [
        1,
        null
      ],
      "/Users/Dylan/Code/shorty/spec/controllers/urls_controller_spec.rb": [
        1,
        null,
        1,
        1,
        1,
        1,
        1,
        null,
        null,
        null,
        null,
        1,
        1,
        1,
        null,
        1,
        null,
        1,
        null,
        null,
        null
      ],
      "/Users/Dylan/Code/shorty/app/controllers/urls_controller.rb": [
        1,
        1,
        3,
        null,
        3,
        2,
        null,
        1,
        null,
        1,
        null,
        null,
        null,
        null,
        1,
        2,
        null,
        null
      ],
      "/Users/Dylan/Code/shorty/spec/features/shorten_url_spec.rb": [
        1,
        null,
        1,
        1,
        1,
        null,
        1,
        null,
        1,
        null,
        1,
        1,
        null,
        null,
        1,
        1,
        null,
        1,
        null,
        1,
        null,
        1,
        1,
        null,
        null
      ],
      "/Users/Dylan/Code/shorty/spec/models/url_spec.rb": [
        1,
        null,
        1,
        null,
        null,
        null,
        null,
        null,
        1,
        1,
        1,
        1,
        null,
        null
      ],
      "/Users/Dylan/Code/shorty/app/models/url.rb": [
        1,
        1,
        null,
        1,
        null,
        1,
        5,
        5,
        null,
        null,
        1,
        null,
        1,
        5,
        5,
        null,
        null
      ],
      "/Users/Dylan/Code/shorty/app/models/application_record.rb": [
        1,
        1,
        null
      ]
    },
    "timestamp": 1523507004
  }
}
